This file contains any messages produced by compilers while
running configure, to aid debugging if configure makes a mistake.

It was created by ejabberd configure 15.11, which was
generated by GNU Autoconf 2.69.  Invocation command line was

  $ ./configure --enable-mysql --enable-pgsql --enable-sqlite --enable-riak --enable-redis --enable-elixir

## --------- ##
## Platform. ##
## --------- ##

hostname = build.process-one.net
uname -m = x86_64
uname -r = 3.14.19-grsec-esk1
uname -s = Linux
uname -v = #1 SMP Thu Sep 25 12:28:44 CEST 2014

/usr/bin/uname -p = unknown
/bin/uname -X     = unknown

/bin/arch              = unknown
/usr/bin/arch -k       = unknown
/usr/convex/getsysinfo = unknown
/usr/bin/hostinfo      = unknown
/bin/machine           = unknown
/usr/bin/oslevel       = unknown
/bin/universe          = unknown

PATH: /home/cean/R17_64/bin
PATH: /usr/local/rvm/gems/ruby-2.0.0-p451/bin
PATH: /usr/local/rvm/gems/ruby-2.0.0-p451@global/bin
PATH: /usr/local/rvm/rubies/ruby-2.0.0-p451/bin
PATH: /usr/local/bin
PATH: /usr/bin
PATH: /bin
PATH: /usr/local/games
PATH: /usr/games
PATH: /usr/local/rvm/bin


## ----------- ##
## Core tests. ##
## ----------- ##

configure:1895: checking whether make sets $(MAKE)
configure:1917: result: yes
configure:1969: checking for a BSD-compatible install
configure:2037: result: /usr/bin/install -c
configure:2048: checking for a sed that does not truncate output
configure:2112: result: /bin/sed
configure:2181: checking for erl
configure:2199: found /home/cean/R17_64/bin/erl
configure:2211: result: /home/cean/R17_64/bin/erl
configure:2279: checking for erlc
configure:2297: found /home/cean/R17_64/bin/erlc
configure:2309: result: /home/cean/R17_64/bin/erlc
configure:2333: checking for erl
configure:2335: result: /home/cean/R17_64/bin/erl
configure:2442: checking for erlc
configure:2444: result: /home/cean/R17_64/bin/erlc
configure:2559: checking Erlang/OTP version
configure:2639: result: ok
configure:2734: checking for Erlang/OTP root directory
configure:2760: $ERLC $ERLCFLAGS -b beam conftest.$ac_ext >&5 && echo "#!/bin/sh" > conftest$ac_exeext && $as_echo "\"$ERL\" -run conftest start -run init stop -noshell" >> conftest$ac_exeext && chmod +x conftest$ac_exeext
configure:2760: $? = 0
configure:2760: ./conftest
configure:2760: $? = 0
configure:2781: result: /home/cean/R17_64
configure:2791: checking for escript
configure:2809: found /home/cean/R17_64/bin/escript
configure:2821: result: /home/cean/R17_64/bin/escript
configure:2833: checking for make
configure:2860: result: make
configure:3137: checking whether Erlang is using deprecated types
configure:3146: result: no
configure:3207: checking for gcc
configure:3223: found /usr/bin/gcc
configure:3234: result: gcc
configure:3463: checking for C compiler version
configure:3472: gcc --version >&5
gcc (Debian 4.7.2-5) 4.7.2
Copyright (C) 2012 Free Software Foundation, Inc.
This is free software; see the source for copying conditions.  There is NO
warranty; not even for MERCHANTABILITY or FITNESS FOR A PARTICULAR PURPOSE.

configure:3483: $? = 0
configure:3472: gcc -v >&5
Using built-in specs.
COLLECT_GCC=gcc
COLLECT_LTO_WRAPPER=/usr/lib/gcc/x86_64-linux-gnu/4.7/lto-wrapper
Target: x86_64-linux-gnu
Configured with: ../src/configure -v --with-pkgversion='Debian 4.7.2-5' --with-bugurl=file:///usr/share/doc/gcc-4.7/README.Bugs --enable-languages=c,c++,go,fortran,objc,obj-c++ --prefix=/usr --program-suffix=-4.7 --enable-shared --enable-linker-build-id --with-system-zlib --libexecdir=/usr/lib --without-included-gettext --enable-threads=posix --with-gxx-include-dir=/usr/include/c++/4.7 --libdir=/usr/lib --enable-nls --with-sysroot=/ --enable-clocale=gnu --enable-libstdcxx-debug --enable-libstdcxx-time=yes --enable-gnu-unique-object --enable-plugin --enable-objc-gc --with-arch-32=i586 --with-tune=generic --enable-checking=release --build=x86_64-linux-gnu --host=x86_64-linux-gnu --target=x86_64-linux-gnu
Thread model: posix
gcc version 4.7.2 (Debian 4.7.2-5) 
configure:3483: $? = 0
configure:3472: gcc -V >&5
gcc: error: unrecognized command line option '-V'
gcc: fatal error: no input files
compilation terminated.
configure:3483: $? = 4
configure:3472: gcc -qversion >&5
gcc: error: unrecognized command line option '-qversion'
gcc: fatal error: no input files
compilation terminated.
configure:3483: $? = 4
configure:3503: checking whether the C compiler works
configure:3525: gcc    conftest.c  >&5
configure:3529: $? = 0
configure:3577: result: yes
configure:3580: checking for C compiler default output file name
configure:3582: result: a.out
configure:3588: checking for suffix of executables
configure:3595: gcc -o conftest    conftest.c  >&5
configure:3599: $? = 0
configure:3621: result: 
configure:3643: checking whether we are cross compiling
configure:3651: gcc -o conftest    conftest.c  >&5
configure:3655: $? = 0
configure:3662: ./conftest
configure:3666: $? = 0
configure:3681: result: no
configure:3686: checking for suffix of object files
configure:3708: gcc -c   conftest.c >&5
configure:3712: $? = 0
configure:3733: result: o
configure:3737: checking whether we are using the GNU C compiler
configure:3756: gcc -c   conftest.c >&5
configure:3756: $? = 0
configure:3765: result: yes
configure:3774: checking whether gcc accepts -g
configure:3794: gcc -c -g  conftest.c >&5
configure:3794: $? = 0
configure:3835: result: yes
configure:3852: checking for gcc option to accept ISO C89
configure:3915: gcc  -c -g -O2  conftest.c >&5
configure:3915: $? = 0
configure:3928: result: none needed
configure:3991: checking for SQLite3 library >= 3.6.19
configure:4040: gcc -c -g -O2  -I/usr/include conftest.c >&5
configure:4040: $? = 0
configure:4042: result: yes
configure:4270: creating ./config.status

## ---------------------- ##
## Running config.status. ##
## ---------------------- ##

This file was extended by ejabberd config.status 15.11, which was
generated by GNU Autoconf 2.69.  Invocation command line was

  CONFIG_FILES    = 
  CONFIG_HEADERS  = 
  CONFIG_LINKS    = 
  CONFIG_COMMANDS = 
  $ ./config.status 

on build.process-one.net

config.status:757: creating Makefile
config.status:757: creating vars.config
config.status:757: creating src/ejabberd.app.src

## ---------------- ##
## Cache variables. ##
## ---------------- ##

ac_cv_c_compiler_gnu=yes
ac_cv_env_CC_set=
ac_cv_env_CC_value=
ac_cv_env_CFLAGS_set=
ac_cv_env_CFLAGS_value=
ac_cv_env_CPPFLAGS_set=
ac_cv_env_CPPFLAGS_value=
ac_cv_env_ERLCFLAGS_set=
ac_cv_env_ERLCFLAGS_value=
ac_cv_env_ERLC_set=set
ac_cv_env_ERLC_value=erlc
ac_cv_env_ERL_set=set
ac_cv_env_ERL_value=erl
ac_cv_env_LDFLAGS_set=
ac_cv_env_LDFLAGS_value=
ac_cv_env_LIBS_set=
ac_cv_env_LIBS_value=
ac_cv_env_build_alias_set=
ac_cv_env_build_alias_value=
ac_cv_env_host_alias_set=
ac_cv_env_host_alias_value=
ac_cv_env_target_alias_set=
ac_cv_env_target_alias_value=
ac_cv_erlang_root_dir=/home/cean/R17_64
ac_cv_objext=o
ac_cv_path_ESCRIPT=/home/cean/R17_64/bin/escript
ac_cv_path_SED=/bin/sed
ac_cv_path_ac_pt_ERL=/home/cean/R17_64/bin/erl
ac_cv_path_ac_pt_ERLC=/home/cean/R17_64/bin/erlc
ac_cv_path_install='/usr/bin/install -c'
ac_cv_prog_MAKE=make
ac_cv_prog_ac_ct_CC=gcc
ac_cv_prog_cc_c89=
ac_cv_prog_cc_g=yes
ac_cv_prog_make_make_set=yes

## ----------------- ##
## Output variables. ##
## ----------------- ##

CC='gcc'
CFLAGS='-g -O2'
CPPFLAGS=''
DEFS='-DPACKAGE_NAME=\"ejabberd\" -DPACKAGE_TARNAME=\"ejabberd\" -DPACKAGE_VERSION=\"15.11\" -DPACKAGE_STRING=\"ejabberd\ 15.11\" -DPACKAGE_BUGREPORT=\"ejabberd@process-one.net\" -DPACKAGE_URL=\"\" -DHAVE_SQLITE3=/\*\*/'
ECHO_C=''
ECHO_N='-n'
ECHO_T=''
ERL='/home/cean/R17_64/bin/erl'
ERLANG_ROOT_DIR='/home/cean/R17_64'
ERLC='/home/cean/R17_64/bin/erlc'
ERLCFLAGS=''
ESCRIPT='/home/cean/R17_64/bin/escript'
EXEEXT=''
INSTALLUSER=''
INSTALL_DATA='${INSTALL} -m 644'
INSTALL_PROGRAM='${INSTALL}'
INSTALL_SCRIPT='${INSTALL}'
LDFLAGS=''
LIBOBJS=''
LIBS=''
LTLIBOBJS=''
MAKE='make'
OBJEXT='o'
PACKAGE_BUGREPORT='ejabberd@process-one.net'
PACKAGE_NAME='ejabberd'
PACKAGE_STRING='ejabberd 15.11'
PACKAGE_TARNAME='ejabberd'
PACKAGE_URL=''
PACKAGE_VERSION='15.11'
PATH_SEPARATOR=':'
SED='/bin/sed'
SET_MAKE=''
SHELL='/bin/sh'
SQLITE3_CFLAGS='-I/usr/include'
SQLITE3_LDFLAGS='-L/usr/lib -lsqlite3'
SQLITE3_VERSION='3.7.13'
ac_ct_CC='gcc'
bindir='${exec_prefix}/bin'
build_alias=''
datadir='${datarootdir}'
datarootdir='${prefix}/share'
db_type='generic'
debug='true'
docdir='${datarootdir}/doc/${PACKAGE_TARNAME}'
dvidir='${docdir}'
elixir='true'
erlang_deprecated_types='false'
exec_prefix='${prefix}'
full_xml='false'
hipe='false'
host_alias=''
htmldir='${docdir}'
iconv='true'
includedir='${prefix}/include'
infodir='${datarootdir}/info'
lager='true'
libdir='${exec_prefix}/lib'
libexecdir='${exec_prefix}/libexec'
localedir='${datarootdir}/locale'
localstatedir='${prefix}/var'
mandir='${datarootdir}/man'
mysql='true'
nif='false'
odbc='false'
oldincludedir='/usr/include'
pam='false'
pdfdir='${docdir}'
pgsql='true'
prefix='/'
program_transform_name='s,x,x,'
psdir='${docdir}'
redis='true'
riak='true'
roster_gateway_workaround='false'
sbindir='${exec_prefix}/sbin'
sharedstatedir='${prefix}/com'
sqlite='true'
sysconfdir='${prefix}/etc'
target_alias=''
tools='false'
transient_supervisors='true'
zlib='true'

## ----------- ##
## confdefs.h. ##
## ----------- ##

/* confdefs.h */
#define PACKAGE_NAME "ejabberd"
#define PACKAGE_TARNAME "ejabberd"
#define PACKAGE_VERSION "15.11"
#define PACKAGE_STRING "ejabberd 15.11"
#define PACKAGE_BUGREPORT "ejabberd@process-one.net"
#define PACKAGE_URL ""
#define HAVE_SQLITE3 /**/

configure: exit 0
